<?xml version="1.0" encoding="UTF-8"?>
<!-- Generated by org.testng.reporters.JUnitReportReporter -->
<testsuite skipped="0" hostname="DESKTOP-PT9BTGS" name="loginTest.loginTest" tests="1" failures="0" timestamp="21 Jun 2020 15:58:56 GMT" time="6.800" errors="0">
  <testcase name="testLogin" time="6.800" classname="loginTest.loginTest"/>
</testsuite> <!-- loginTest.loginTest -->
