<?xml version="1.0" encoding="UTF-8"?>
<!-- Generated by org.testng.reporters.JUnitReportReporter -->
<testsuite skipped="0" hostname="DESKTOP-PT9BTGS" name="loginTest.loginTest" tests="1" failures="0" timestamp="21 Jun 2020 14:33:23 GMT" time="7.216" errors="0">
  <testcase name="testLogin" time="7.216" classname="loginTest.loginTest"/>
</testsuite> <!-- loginTest.loginTest -->
